This is pdfTeX, Version 3.141592653-2.6-1.40.25 (MiKTeX 23.10.12) (preloaded format=pdflatex 2023.11.4)  6 NOV 2023 02:59
entering extended mode
 restricted \write18 enabled.
 %&-line parsing enabled.
**./_Hobbies.tex
(_Hobbies.tex
LaTeX2e <2023-06-01> patch level 1
L3 programming layer <2023-10-23>
! Undefined control sequence.
l.1 \cvsetting
              {\WithHobbies}{ % set to 1 to include hobbies chapter
The control sequence at the end of the top line
of your error message was never \def'ed. If you have
misspelled it (e.g., `\hobx'), type `I' and the correct
spelling (e.g., `I\hbox'). Otherwise just continue,
and I'll forget about whatever was undefined.

! Undefined control sequence.
l.1 \cvsetting{\WithHobbies
                           }{ % set to 1 to include hobbies chapter
The control sequence at the end of the top line
of your error message was never \def'ed. If you have
misspelled it (e.g., `\hobx'), type `I' and the correct
spelling (e.g., `I\hbox'). Otherwise just continue,
and I'll forget about whatever was undefined.

! Undefined control sequence.
l.4 	\cvsection
               {\Hobbies}
The control sequence at the end of the top line
of your error message was never \def'ed. If you have
misspelled it (e.g., `\hobx'), type `I' and the correct
spelling (e.g., `I\hbox'). Otherwise just continue,
and I'll forget about whatever was undefined.

! Undefined control sequence.
l.4 	\cvsection{\Hobbies
                        }
The control sequence at the end of the top line
of your error message was never \def'ed. If you have
misspelled it (e.g., `\hobx'), type `I' and the correct
spelling (e.g., `I\hbox'). Otherwise just continue,
and I'll forget about whatever was undefined.


! LaTeX Error: Missing \begin{document}.

See the LaTeX manual or LaTeX Companion for explanation.
Type  H <return>  for immediate help.
 ...                                              
                                                  
l.5 	\begin{minipage}{\columnwidth}
                                   
You're in trouble here.  Try typing  <return>  to proceed.
If that doesn't work, type  X <return>  to quit.

! Undefined control sequence.
l.6 		\justifying
                 
The control sequence at the end of the top line
of your error message was never \def'ed. If you have
misspelled it (e.g., `\hobx'), type `I' and the correct
spelling (e.g., `I\hbox'). Otherwise just continue,
and I'll forget about whatever was undefined.

! Undefined control sequence.
l.7 		\cvsetting
                {\HobbyOne}{\cvtag{\aHobbyOne}}\cvsetting{\HobbyTwo}{\cvtag{...
The control sequence at the end of the top line
of your error message was never \def'ed. If you have
misspelled it (e.g., `\hobx'), type `I' and the correct
spelling (e.g., `I\hbox'). Otherwise just continue,
and I'll forget about whatever was undefined.

! Undefined control sequence.
l.7 		\cvsetting{\HobbyOne
                          }{\cvtag{\aHobbyOne}}\cvsetting{\HobbyTwo}{\cvtag{...
The control sequence at the end of the top line
of your error message was never \def'ed. If you have
misspelled it (e.g., `\hobx'), type `I' and the correct
spelling (e.g., `I\hbox'). Otherwise just continue,
and I'll forget about whatever was undefined.

! Undefined control sequence.
l.7 		\cvsetting{\HobbyOne}{\cvtag
                                  {\aHobbyOne}}\cvsetting{\HobbyTwo}{\cvtag{...
The control sequence at the end of the top line
of your error message was never \def'ed. If you have
misspelled it (e.g., `\hobx'), type `I' and the correct
spelling (e.g., `I\hbox'). Otherwise just continue,
and I'll forget about whatever was undefined.

! Undefined control sequence.
l.7 		\cvsetting{\HobbyOne}{\cvtag{\aHobbyOne
                                             }}\cvsetting{\HobbyTwo}{\cvtag{...
The control sequence at the end of the top line
of your error message was never \def'ed. If you have
misspelled it (e.g., `\hobx'), type `I' and the correct
spelling (e.g., `I\hbox'). Otherwise just continue,
and I'll forget about whatever was undefined.

! Undefined control sequence.
l.7 ...ng{\HobbyOne}{\cvtag{\aHobbyOne}}\cvsetting
                                                  {\HobbyTwo}{\cvtag{\aHobby...
The control sequence at the end of the top line
of your error message was never \def'ed. If you have
misspelled it (e.g., `\hobx'), type `I' and the correct
spelling (e.g., `I\hbox'). Otherwise just continue,
and I'll forget about whatever was undefined.

! Undefined control sequence.
l.7 ...ne}{\cvtag{\aHobbyOne}}\cvsetting{\HobbyTwo
                                                  }{\cvtag{\aHobbyTwo}}\cvse...
The control sequence at the end of the top line
of your error message was never \def'ed. If you have
misspelled it (e.g., `\hobx'), type `I' and the correct
spelling (e.g., `I\hbox'). Otherwise just continue,
and I'll forget about whatever was undefined.

! Undefined control sequence.
l.7 ...ag{\aHobbyOne}}\cvsetting{\HobbyTwo}{\cvtag
                                                  {\aHobbyTwo}}\cvsetting{\H...
The control sequence at the end of the top line
of your error message was never \def'ed. If you have
misspelled it (e.g., `\hobx'), type `I' and the correct
spelling (e.g., `I\hbox'). Otherwise just continue,
and I'll forget about whatever was undefined.

! Undefined control sequence.
l.7 ...ne}}\cvsetting{\HobbyTwo}{\cvtag{\aHobbyTwo
                                                  }}\cvsetting{\HobbyThree}{...
The control sequence at the end of the top line
of your error message was never \def'ed. If you have
misspelled it (e.g., `\hobx'), type `I' and the correct
spelling (e.g., `I\hbox'). Otherwise just continue,
and I'll forget about whatever was undefined.

! Undefined control sequence.
l.7 ...ng{\HobbyTwo}{\cvtag{\aHobbyTwo}}\cvsetting
                                                  {\HobbyThree}{\cvtag{\aHob...
The control sequence at the end of the top line
of your error message was never \def'ed. If you have
misspelled it (e.g., `\hobx'), type `I' and the correct
spelling (e.g., `I\hbox'). Otherwise just continue,
and I'll forget about whatever was undefined.

! Undefined control sequence.
l.7 ...}{\cvtag{\aHobbyTwo}}\cvsetting{\HobbyThree
                                                  }{\cvtag{\aHobbyThree}}
The control sequence at the end of the top line
of your error message was never \def'ed. If you have
misspelled it (e.g., `\hobx'), type `I' and the correct
spelling (e.g., `I\hbox'). Otherwise just continue,
and I'll forget about whatever was undefined.

! Undefined control sequence.
l.7 ...{\aHobbyTwo}}\cvsetting{\HobbyThree}{\cvtag
                                                  {\aHobbyThree}}
The control sequence at the end of the top line
of your error message was never \def'ed. If you have
misspelled it (e.g., `\hobx'), type `I' and the correct
spelling (e.g., `I\hbox'). Otherwise just continue,
and I'll forget about whatever was undefined.

! Undefined control sequence.
l.7 ...\cvsetting{\HobbyThree}{\cvtag{\aHobbyThree
                                                  }}
The control sequence at the end of the top line
of your error message was never \def'ed. If you have
misspelled it (e.g., `\hobx'), type `I' and the correct
spelling (e.g., `I\hbox'). Otherwise just continue,
and I'll forget about whatever was undefined.

! Undefined control sequence.
l.8 		\cvsetting
                {\HobbyFour}{\cvtag{\aHobbyFour}}\cvsetting{\HobbyFive}{\cvt...
The control sequence at the end of the top line
of your error message was never \def'ed. If you have
misspelled it (e.g., `\hobx'), type `I' and the correct
spelling (e.g., `I\hbox'). Otherwise just continue,
and I'll forget about whatever was undefined.

! Undefined control sequence.
l.8 		\cvsetting{\HobbyFour
                           }{\cvtag{\aHobbyFour}}\cvsetting{\HobbyFive}{\cvt...
The control sequence at the end of the top line
of your error message was never \def'ed. If you have
misspelled it (e.g., `\hobx'), type `I' and the correct
spelling (e.g., `I\hbox'). Otherwise just continue,
and I'll forget about whatever was undefined.

! Undefined control sequence.
l.8 		\cvsetting{\HobbyFour}{\cvtag
                                   {\aHobbyFour}}\cvsetting{\HobbyFive}{\cvt...
The control sequence at the end of the top line
of your error message was never \def'ed. If you have
misspelled it (e.g., `\hobx'), type `I' and the correct
spelling (e.g., `I\hbox'). Otherwise just continue,
and I'll forget about whatever was undefined.

! Undefined control sequence.
l.8 		\cvsetting{\HobbyFour}{\cvtag{\aHobbyFour
                                               }}\cvsetting{\HobbyFive}{\cvt...
The control sequence at the end of the top line
of your error message was never \def'ed. If you have
misspelled it (e.g., `\hobx'), type `I' and the correct
spelling (e.g., `I\hbox'). Otherwise just continue,
and I'll forget about whatever was undefined.

! Undefined control sequence.
l.8 ...{\HobbyFour}{\cvtag{\aHobbyFour}}\cvsetting
                                                  {\HobbyFive}{\cvtag{\aHobb...
The control sequence at the end of the top line
of your error message was never \def'ed. If you have
misspelled it (e.g., `\hobx'), type `I' and the correct
spelling (e.g., `I\hbox'). Otherwise just continue,
and I'll forget about whatever was undefined.

! Undefined control sequence.
l.8 ...}{\cvtag{\aHobbyFour}}\cvsetting{\HobbyFive
                                                  }{\cvtag{\aHobbyFive}}\cvs...
The control sequence at the end of the top line
of your error message was never \def'ed. If you have
misspelled it (e.g., `\hobx'), type `I' and the correct
spelling (e.g., `I\hbox'). Otherwise just continue,
and I'll forget about whatever was undefined.

! Undefined control sequence.
l.8 ...{\aHobbyFour}}\cvsetting{\HobbyFive}{\cvtag
                                                  {\aHobbyFive}}\cvsetting{\...
The control sequence at the end of the top line
of your error message was never \def'ed. If you have
misspelled it (e.g., `\hobx'), type `I' and the correct
spelling (e.g., `I\hbox'). Otherwise just continue,
and I'll forget about whatever was undefined.

! Undefined control sequence.
l.8 ...}}\cvsetting{\HobbyFive}{\cvtag{\aHobbyFive
                                                  }}\cvsetting{\HobbySix}{\c...
The control sequence at the end of the top line
of your error message was never \def'ed. If you have
misspelled it (e.g., `\hobx'), type `I' and the correct
spelling (e.g., `I\hbox'). Otherwise just continue,
and I'll forget about whatever was undefined.

! Undefined control sequence.
l.8 ...{\HobbyFive}{\cvtag{\aHobbyFive}}\cvsetting
                                                  {\HobbySix}{\cvtag{\aHobby...
The control sequence at the end of the top line
of your error message was never \def'ed. If you have
misspelled it (e.g., `\hobx'), type `I' and the correct
spelling (e.g., `I\hbox'). Otherwise just continue,
and I'll forget about whatever was undefined.

! Undefined control sequence.
l.8 ...e}{\cvtag{\aHobbyFive}}\cvsetting{\HobbySix
                                                  }{\cvtag{\aHobbySix}}
The control sequence at the end of the top line
of your error message was never \def'ed. If you have
misspelled it (e.g., `\hobx'), type `I' and the correct
spelling (e.g., `I\hbox'). Otherwise just continue,
and I'll forget about whatever was undefined.

! Undefined control sequence.
l.8 ...g{\aHobbyFive}}\cvsetting{\HobbySix}{\cvtag
                                                  {\aHobbySix}}
The control sequence at the end of the top line
of your error message was never \def'ed. If you have
misspelled it (e.g., `\hobx'), type `I' and the correct
spelling (e.g., `I\hbox'). Otherwise just continue,
and I'll forget about whatever was undefined.

! Undefined control sequence.
l.8 ...ve}}\cvsetting{\HobbySix}{\cvtag{\aHobbySix
                                                  }}
The control sequence at the end of the top line
of your error message was never \def'ed. If you have
misspelled it (e.g., `\hobx'), type `I' and the correct
spelling (e.g., `I\hbox'). Otherwise just continue,
and I'll forget about whatever was undefined.

! Undefined control sequence.
l.9 		\cvsetting
                {\HobbySeven}{\cvtag{\aHobbySeven}}\cvsetting{\HobbyEight}{\...
The control sequence at the end of the top line
of your error message was never \def'ed. If you have
misspelled it (e.g., `\hobx'), type `I' and the correct
spelling (e.g., `I\hbox'). Otherwise just continue,
and I'll forget about whatever was undefined.

! Undefined control sequence.
l.9 		\cvsetting{\HobbySeven
                            }{\cvtag{\aHobbySeven}}\cvsetting{\HobbyEight}{\...
The control sequence at the end of the top line
of your error message was never \def'ed. If you have
misspelled it (e.g., `\hobx'), type `I' and the correct
spelling (e.g., `I\hbox'). Otherwise just continue,
and I'll forget about whatever was undefined.

! Undefined control sequence.
l.9 		\cvsetting{\HobbySeven}{\cvtag
                                    {\aHobbySeven}}\cvsetting{\HobbyEight}{\...
The control sequence at the end of the top line
of your error message was never \def'ed. If you have
misspelled it (e.g., `\hobx'), type `I' and the correct
spelling (e.g., `I\hbox'). Otherwise just continue,
and I'll forget about whatever was undefined.

! Undefined control sequence.
l.9 		\cvsetting{\HobbySeven}{\cvtag{\aHobbySeven
                                                 }}\cvsetting{\HobbyEight}{\...
The control sequence at the end of the top line
of your error message was never \def'ed. If you have
misspelled it (e.g., `\hobx'), type `I' and the correct
spelling (e.g., `I\hbox'). Otherwise just continue,
and I'll forget about whatever was undefined.

! Undefined control sequence.
l.9 ...HobbySeven}{\cvtag{\aHobbySeven}}\cvsetting
                                                  {\HobbyEight}{\cvtag{\aHob...
The control sequence at the end of the top line
of your error message was never \def'ed. If you have
misspelled it (e.g., `\hobx'), type `I' and the correct
spelling (e.g., `I\hbox'). Otherwise just continue,
and I'll forget about whatever was undefined.

! Undefined control sequence.
l.9 ...\cvtag{\aHobbySeven}}\cvsetting{\HobbyEight
                                                  }{\cvtag{\aHobbyEight}}\cv...
The control sequence at the end of the top line
of your error message was never \def'ed. If you have
misspelled it (e.g., `\hobx'), type `I' and the correct
spelling (e.g., `I\hbox'). Otherwise just continue,
and I'll forget about whatever was undefined.

! Undefined control sequence.
l.9 ...aHobbySeven}}\cvsetting{\HobbyEight}{\cvtag
                                                  {\aHobbyEight}}\cvsetting{...
The control sequence at the end of the top line
of your error message was never \def'ed. If you have
misspelled it (e.g., `\hobx'), type `I' and the correct
spelling (e.g., `I\hbox'). Otherwise just continue,
and I'll forget about whatever was undefined.

! Undefined control sequence.
l.9 ...\cvsetting{\HobbyEight}{\cvtag{\aHobbyEight
                                                  }}\cvsetting{\HobbyNine}{\...
The control sequence at the end of the top line
of your error message was never \def'ed. If you have
misspelled it (e.g., `\hobx'), type `I' and the correct
spelling (e.g., `I\hbox'). Otherwise just continue,
and I'll forget about whatever was undefined.

! Undefined control sequence.
l.9 ...HobbyEight}{\cvtag{\aHobbyEight}}\cvsetting
                                                  {\HobbyNine}{\cvtag{\aHobb...
The control sequence at the end of the top line
of your error message was never \def'ed. If you have
misspelled it (e.g., `\hobx'), type `I' and the correct
spelling (e.g., `I\hbox'). Otherwise just continue,
and I'll forget about whatever was undefined.

! Undefined control sequence.
l.9 ...{\cvtag{\aHobbyEight}}\cvsetting{\HobbyNine
                                                  }{\cvtag{\aHobbyNine}}
The control sequence at the end of the top line
of your error message was never \def'ed. If you have
misspelled it (e.g., `\hobx'), type `I' and the correct
spelling (e.g., `I\hbox'). Otherwise just continue,
and I'll forget about whatever was undefined.

! Undefined control sequence.
l.9 ...\aHobbyEight}}\cvsetting{\HobbyNine}{\cvtag
                                                  {\aHobbyNine}}
The control sequence at the end of the top line
of your error message was never \def'ed. If you have
misspelled it (e.g., `\hobx'), type `I' and the correct
spelling (e.g., `I\hbox'). Otherwise just continue,
and I'll forget about whatever was undefined.

! Undefined control sequence.
l.9 ...}}\cvsetting{\HobbyNine}{\cvtag{\aHobbyNine
                                                  }}
The control sequence at the end of the top line
of your error message was never \def'ed. If you have
misspelled it (e.g., `\hobx'), type `I' and the correct
spelling (e.g., `I\hbox'). Otherwise just continue,
and I'll forget about whatever was undefined.

! Undefined control sequence.
l.10 		\cvsetting
                 {\HobbyTen}{\cvtag{\aHobbyTen}}\cvsetting{\HobbyEleven}{\cv...
The control sequence at the end of the top line
of your error message was never \def'ed. If you have
misspelled it (e.g., `\hobx'), type `I' and the correct
spelling (e.g., `I\hbox'). Otherwise just continue,
and I'll forget about whatever was undefined.

! Undefined control sequence.
l.10 		\cvsetting{\HobbyTen
                           }{\cvtag{\aHobbyTen}}\cvsetting{\HobbyEleven}{\cv...
The control sequence at the end of the top line
of your error message was never \def'ed. If you have
misspelled it (e.g., `\hobx'), type `I' and the correct
spelling (e.g., `I\hbox'). Otherwise just continue,
and I'll forget about whatever was undefined.

! Undefined control sequence.
l.10 		\cvsetting{\HobbyTen}{\cvtag
                                   {\aHobbyTen}}\cvsetting{\HobbyEleven}{\cv...
The control sequence at the end of the top line
of your error message was never \def'ed. If you have
misspelled it (e.g., `\hobx'), type `I' and the correct
spelling (e.g., `I\hbox'). Otherwise just continue,
and I'll forget about whatever was undefined.

! Undefined control sequence.
l.10 		\cvsetting{\HobbyTen}{\cvtag{\aHobbyTen
                                              }}\cvsetting{\HobbyEleven}{\cv...
The control sequence at the end of the top line
of your error message was never \def'ed. If you have
misspelled it (e.g., `\hobx'), type `I' and the correct
spelling (e.g., `I\hbox'). Otherwise just continue,
and I'll forget about whatever was undefined.

! Undefined control sequence.
l.10 ...g{\HobbyTen}{\cvtag{\aHobbyTen}}\cvsetting
                                                  {\HobbyEleven}{\cvtag{\aHo...
The control sequence at the end of the top line
of your error message was never \def'ed. If you have
misspelled it (e.g., `\hobx'), type `I' and the correct
spelling (e.g., `I\hbox'). Otherwise just continue,
and I'll forget about whatever was undefined.

! Undefined control sequence.
l.10 ...\cvtag{\aHobbyTen}}\cvsetting{\HobbyEleven
                                                  }{\cvtag{\aHobbyEleven}}\c...
The control sequence at the end of the top line
of your error message was never \def'ed. If you have
misspelled it (e.g., `\hobx'), type `I' and the correct
spelling (e.g., `I\hbox'). Otherwise just continue,
and I'll forget about whatever was undefined.

! Undefined control sequence.
l.10 ...aHobbyTen}}\cvsetting{\HobbyEleven}{\cvtag
                                                  {\aHobbyEleven}}\cvsetting...
The control sequence at the end of the top line
of your error message was never \def'ed. If you have
misspelled it (e.g., `\hobx'), type `I' and the correct
spelling (e.g., `I\hbox'). Otherwise just continue,
and I'll forget about whatever was undefined.

! Undefined control sequence.
l.10 ...setting{\HobbyEleven}{\cvtag{\aHobbyEleven
                                                  }}\cvsetting{\HobbyTwelve}...
The control sequence at the end of the top line
of your error message was never \def'ed. If you have
misspelled it (e.g., `\hobx'), type `I' and the correct
spelling (e.g., `I\hbox'). Otherwise just continue,
and I'll forget about whatever was undefined.

! Undefined control sequence.
l.10 ...byEleven}{\cvtag{\aHobbyEleven}}\cvsetting
                                                  {\HobbyTwelve}{\cvtag{\aHo...
The control sequence at the end of the top line
of your error message was never \def'ed. If you have
misspelled it (e.g., `\hobx'), type `I' and the correct
spelling (e.g., `I\hbox'). Otherwise just continue,
and I'll forget about whatever was undefined.

! Undefined control sequence.
l.10 ...tag{\aHobbyEleven}}\cvsetting{\HobbyTwelve
                                                  }{\cvtag{\aHobbyTwelve}}
The control sequence at the end of the top line
of your error message was never \def'ed. If you have
misspelled it (e.g., `\hobx'), type `I' and the correct
spelling (e.g., `I\hbox'). Otherwise just continue,
and I'll forget about whatever was undefined.

! Undefined control sequence.
l.10 ...bbyEleven}}\cvsetting{\HobbyTwelve}{\cvtag
                                                  {\aHobbyTwelve}}
The control sequence at the end of the top line
of your error message was never \def'ed. If you have
misspelled it (e.g., `\hobx'), type `I' and the correct
spelling (e.g., `I\hbox'). Otherwise just continue,
and I'll forget about whatever was undefined.

! Undefined control sequence.
l.10 ...setting{\HobbyTwelve}{\cvtag{\aHobbyTwelve
                                                  }}
The control sequence at the end of the top line
of your error message was never \def'ed. If you have
misspelled it (e.g., `\hobx'), type `I' and the correct
spelling (e.g., `I\hbox'). Otherwise just continue,
and I'll forget about whatever was undefined.

! Undefined control sequence.
l.11 		\cvsetting
                 {\HobbyThirteen}{\cvtag{\aHobbyThirteen}}\cvsetting{\HobbyF...
The control sequence at the end of the top line
of your error message was never \def'ed. If you have
misspelled it (e.g., `\hobx'), type `I' and the correct
spelling (e.g., `I\hbox'). Otherwise just continue,
and I'll forget about whatever was undefined.

! Undefined control sequence.
l.11 		\cvsetting{\HobbyThirteen
                                }{\cvtag{\aHobbyThirteen}}\cvsetting{\HobbyF...
The control sequence at the end of the top line
of your error message was never \def'ed. If you have
misspelled it (e.g., `\hobx'), type `I' and the correct
spelling (e.g., `I\hbox'). Otherwise just continue,
and I'll forget about whatever was undefined.

! Undefined control sequence.
l.11 		\cvsetting{\HobbyThirteen}{\cvtag
                                        {\aHobbyThirteen}}\cvsetting{\HobbyF...
The control sequence at the end of the top line
of your error message was never \def'ed. If you have
misspelled it (e.g., `\hobx'), type `I' and the correct
spelling (e.g., `I\hbox'). Otherwise just continue,
and I'll forget about whatever was undefined.

! Undefined control sequence.
l.11 ...ing{\HobbyThirteen}{\cvtag{\aHobbyThirteen
                                                  }}\cvsetting{\HobbyFourtee...
The control sequence at the end of the top line
of your error message was never \def'ed. If you have
misspelled it (e.g., `\hobx'), type `I' and the correct
spelling (e.g., `I\hbox'). Otherwise just continue,
and I'll forget about whatever was undefined.

! Undefined control sequence.
l.11 ...irteen}{\cvtag{\aHobbyThirteen}}\cvsetting
                                                  {\HobbyFourteen}{\cvtag{\a...
The control sequence at the end of the top line
of your error message was never \def'ed. If you have
misspelled it (e.g., `\hobx'), type `I' and the correct
spelling (e.g., `I\hbox'). Otherwise just continue,
and I'll forget about whatever was undefined.

! Undefined control sequence.
l.11 ...\aHobbyThirteen}}\cvsetting{\HobbyFourteen
                                                  }{\cvtag{\aHobbyFourteen}}...
The control sequence at the end of the top line
of your error message was never \def'ed. If you have
misspelled it (e.g., `\hobx'), type `I' and the correct
spelling (e.g., `I\hbox'). Otherwise just continue,
and I'll forget about whatever was undefined.

! Undefined control sequence.
l.11 ...hirteen}}\cvsetting{\HobbyFourteen}{\cvtag
                                                  {\aHobbyFourteen}}\cvsetti...
The control sequence at the end of the top line
of your error message was never \def'ed. If you have
misspelled it (e.g., `\hobx'), type `I' and the correct
spelling (e.g., `I\hbox'). Otherwise just continue,
and I'll forget about whatever was undefined.

! Undefined control sequence.
l.11 ...ing{\HobbyFourteen}{\cvtag{\aHobbyFourteen
                                                  }}\cvsetting{\HobbyFifteen...
The control sequence at the end of the top line
of your error message was never \def'ed. If you have
misspelled it (e.g., `\hobx'), type `I' and the correct
spelling (e.g., `I\hbox'). Otherwise just continue,
and I'll forget about whatever was undefined.

! Undefined control sequence.
l.11 ...urteen}{\cvtag{\aHobbyFourteen}}\cvsetting
                                                  {\HobbyFifteen}{\cvtag{\aH...
The control sequence at the end of the top line
of your error message was never \def'ed. If you have
misspelled it (e.g., `\hobx'), type `I' and the correct
spelling (e.g., `I\hbox'). Otherwise just continue,
and I'll forget about whatever was undefined.

! Undefined control sequence.
l.11 ...{\aHobbyFourteen}}\cvsetting{\HobbyFifteen
                                                  }{\cvtag{\aHobbyFifteen}}\par
The control sequence at the end of the top line
of your error message was never \def'ed. If you have
misspelled it (e.g., `\hobx'), type `I' and the correct
spelling (e.g., `I\hbox'). Otherwise just continue,
and I'll forget about whatever was undefined.

! Undefined control sequence.
l.11 ...Fourteen}}\cvsetting{\HobbyFifteen}{\cvtag
                                                  {\aHobbyFifteen}}\par
The control sequence at the end of the top line
of your error message was never \def'ed. If you have
misspelled it (e.g., `\hobx'), type `I' and the correct
spelling (e.g., `I\hbox'). Otherwise just continue,
and I'll forget about whatever was undefined.

! Undefined control sequence.
l.11 ...tting{\HobbyFifteen}{\cvtag{\aHobbyFifteen
                                                  }}\par
The control sequence at the end of the top line
of your error message was never \def'ed. If you have
misspelled it (e.g., `\hobx'), type `I' and the correct
spelling (e.g., `I\hbox'). Otherwise just continue,
and I'll forget about whatever was undefined.

LaTeX Font Info:    External font `cmex10' loaded for size
(Font)              <7> on input line 12.
LaTeX Font Info:    External font `cmex10' loaded for size
(Font)              <5> on input line 12.

Overfull \hbox (20.0pt too wide) in paragraph at lines 5--13
[]$[]$ 
 []

)
! Emergency stop.
<*> ./_Hobbies.tex
                  
*** (job aborted, no legal \end found)

 
Here is how much of TeX's memory you used:
 22 strings out of 474718
 517 string characters out of 5746569
 1923036 words of memory out of 5000000
 22176 multiletter control sequences out of 15000+600000
 558069 words of font info for 36 fonts, out of 8000000 for 9000
 1141 hyphenation exceptions out of 8191
 20i,2n,22p,174b,90s stack positions out of 10000i,1000n,20000p,200000b,200000s
!  ==> Fatal error occurred, no output PDF file produced!
